{"email":"test@example.com","error":{"isOperational":true,"statusCode":400},"level":"error","message":"Registration error:","timestamp":"2025-05-21T07:56:50.049Z"}
{"email":"test@example.com","error":{"isOperational":true,"statusCode":400},"level":"error","message":"Registration error:","timestamp":"2025-05-21T07:56:50.401Z"}
{"email":"test@example.com","error":{"isOperational":true,"statusCode":400},"level":"error","message":"Registration error:","timestamp":"2025-05-21T07:56:50.726Z"}
{"email":"test@example.com","error":{"isOperational":true,"statusCode":400},"level":"error","message":"Registration error:","timestamp":"2025-05-21T07:56:51.162Z"}
{"email":"test@example.com","error":{"isOperational":true,"statusCode":400},"level":"error","message":"Registration error:","timestamp":"2025-05-21T07:57:14.893Z"}
{"email":"test@example.com","error":{"isOperational":true,"statusCode":400},"level":"error","message":"Registration error:","timestamp":"2025-05-21T07:57:15.281Z"}
{"email":"test@example.com","error":{"isOperational":true,"statusCode":400},"level":"error","message":"Registration error:","timestamp":"2025-05-21T07:57:15.620Z"}
{"email":"test@example.com","error":{"isOperational":true,"statusCode":400},"level":"error","message":"Registration error:","timestamp":"2025-05-21T07:57:15.955Z"}
{"email":"test@example.com","error":{"isOperational":true,"statusCode":400},"level":"error","message":"Registration error:","timestamp":"2025-05-21T07:58:25.397Z"}
{"email":"test@example.com","error":{"clientVersion":"5.22.0","name":"PrismaClientValidationError"},"level":"error","message":"Login error:","timestamp":"2025-05-21T07:58:26.566Z"}
{"email":"test@example.com","error":{"clientVersion":"5.22.0","name":"PrismaClientValidationError"},"level":"error","message":"Login error:","timestamp":"2025-05-21T07:58:27.638Z"}
{"email":"test@example.com","error":{"clientVersion":"5.22.0","code":"P2002","meta":{"modelName":"User","target":["email"]},"name":"PrismaClientKnownRequestError"},"level":"error","message":"Registration error:","timestamp":"2025-05-21T07:58:51.244Z"}
{"email":"test@example.com","error":{"isOperational":true,"statusCode":400},"level":"error","message":"Registration error:","timestamp":"2025-05-21T07:58:52.001Z"}
{"email":"test@example.com","error":{"clientVersion":"5.22.0","code":"P2002","meta":{"modelName":"User","target":["email"]},"name":"PrismaClientKnownRequestError"},"level":"error","message":"Registration error:","timestamp":"2025-05-21T07:58:52.718Z"}
{"email":"test@example.com","error":{"clientVersion":"5.22.0","name":"PrismaClientValidationError"},"level":"error","message":"Login error:","timestamp":"2025-05-21T07:58:53.835Z"}
{"email":"test@example.com","error":{"isOperational":true,"statusCode":400},"level":"error","message":"Registration error:","timestamp":"2025-05-21T07:59:25.853Z"}
{"email":"test@example.com","error":{"isOperational":true,"statusCode":400},"level":"error","message":"Registration error:","timestamp":"2025-05-21T07:59:27.079Z"}
{"email":"test@example.com","error":{"isOperational":true,"statusCode":400},"level":"error","message":"Registration error:","timestamp":"2025-05-21T07:59:27.621Z"}
{"email":"test@example.com","error":{"clientVersion":"5.22.0","name":"PrismaClientValidationError"},"level":"error","message":"Login error:","timestamp":"2025-05-21T07:59:28.897Z"}
{"email":"test1747814521514@example.com","error":{"isOperational":true,"statusCode":400},"level":"error","message":"Registration error:","timestamp":"2025-05-21T08:02:02.089Z"}
{"email":"test1747814522430@example.com","error":{"isOperational":true,"statusCode":400},"level":"error","message":"Registration error:","timestamp":"2025-05-21T08:02:02.524Z"}
{"email":"test1747814523081@example.com","error":{"isOperational":true,"statusCode":400},"level":"error","message":"Registration error:","timestamp":"2025-05-21T08:02:03.177Z"}
{"email":"test1747814523514@example.com","error":{"isOperational":true,"statusCode":400},"level":"error","message":"Registration error:","timestamp":"2025-05-21T08:02:03.608Z"}
{"email":"test1747814852092@example.com","error":{"isOperational":true,"statusCode":400},"level":"error","message":"Registration error:","timestamp":"2025-05-21T08:07:32.540Z"}
{"email":"test1747814852940@example.com","error":{"clientVersion":"5.22.0","name":"PrismaClientValidationError"},"level":"error","message":"Login error:","timestamp":"2025-05-21T08:07:33.747Z"}
{"email":"test1747814854097@example.com","error":{"clientVersion":"5.22.0","name":"PrismaClientValidationError"},"level":"error","message":"Login error:","timestamp":"2025-05-21T08:07:34.831Z"}
{"email":"test1747815285576@example.com","error":{"isOperational":true,"statusCode":400},"level":"error","message":"Registration error:","timestamp":"2025-05-21T08:14:46.023Z"}
{"email":"test1747815287510@example.com","error":{"isOperational":true,"statusCode":401},"level":"error","message":"Login error:","timestamp":"2025-05-21T08:14:48.226Z"}
{"email":"test1747815405858@example.com","error":{"isOperational":true,"statusCode":400},"level":"error","message":"Registration error:","timestamp":"2025-05-21T08:16:46.294Z"}
{"email":"test1747815407915@example.com","error":{"isOperational":true,"statusCode":401},"level":"error","message":"Login error:","timestamp":"2025-05-21T08:16:48.630Z"}
{"email":"test1747817803667@example.com","error":{"isOperational":true,"statusCode":400},"level":"error","message":"Registration error:","timestamp":"2025-05-21T08:56:44.120Z"}
{"email":"test1747817805591@example.com","error":{"isOperational":true,"statusCode":401},"level":"error","message":"Login error:","timestamp":"2025-05-21T08:56:46.355Z"}
{"email":"test1747817828687@example.com","error":{"isOperational":true,"statusCode":400},"level":"error","message":"Registration error:","timestamp":"2025-05-21T08:57:09.130Z"}
{"email":"test1747817830589@example.com","error":{"isOperational":true,"statusCode":401},"level":"error","message":"Login error:","timestamp":"2025-05-21T08:57:11.321Z"}
{"email":"test1747817905522@example.com","error":{"isOperational":true,"statusCode":400},"level":"error","message":"Registration error:","timestamp":"2025-05-21T08:58:25.971Z"}
{"email":"test1747817907414@example.com","error":{"isOperational":true,"statusCode":401},"level":"error","message":"Login error:","timestamp":"2025-05-21T08:58:28.159Z"}
{"email":"test1747817914924@example.com","error":{"isOperational":true,"statusCode":400},"level":"error","message":"Registration error:","timestamp":"2025-05-21T08:58:35.357Z"}
{"email":"test1747817916745@example.com","error":{"isOperational":true,"statusCode":401},"level":"error","message":"Login error:","timestamp":"2025-05-21T08:58:37.458Z"}
{"email":"test1747817938468@example.com","error":{"isOperational":true,"statusCode":400},"level":"error","message":"Registration error:","timestamp":"2025-05-21T08:58:58.912Z"}
{"email":"test1747817940655@example.com","error":{"isOperational":true,"statusCode":401},"level":"error","message":"Login error:","timestamp":"2025-05-21T08:59:01.391Z"}
{"email":"test1747817957546@example.com","error":{"isOperational":true,"statusCode":400},"level":"error","message":"Registration error:","timestamp":"2025-05-21T08:59:18.183Z"}
{"email":"test1747817959935@example.com","error":{"isOperational":true,"statusCode":401},"level":"error","message":"Login error:","timestamp":"2025-05-21T08:59:20.822Z"}
{"email":"","error":{"isOperational":true,"statusCode":400},"level":"error","message":"Registration error:","timestamp":"2025-05-21T09:59:09.974Z"}
{"email":"","error":{"isOperational":true,"statusCode":400},"level":"error","message":"Registration error:","timestamp":"2025-05-21T10:02:55.903Z"}
{"isOperational":true,"level":"error","message":"Error verifying code: No verification code found for this phone number","stack":"Error: No verification code found for this phone number\n    at Object.<anonymous> (/home/shrayank/KOLA-Meals/backend/src/services/firebase-auth.service.ts:46:15)\n    at Generator.next (<anonymous>)\n    at /home/shrayank/KOLA-Meals/backend/src/services/firebase-auth.service.ts:41:71\n    at new Promise (<anonymous>)\n    at __awaiter (/home/shrayank/KOLA-Meals/backend/src/services/firebase-auth.service.ts:37:12)\n    at Object.verifyCode (/home/shrayank/KOLA-Meals/backend/src/services/firebase-auth.service.ts:87:16)\n    at /home/shrayank/KOLA-Meals/backend/src/routes/auth.routes.ts:97:49\n    at Generator.next (<anonymous>)\n    at /home/shrayank/KOLA-Meals/backend/src/routes/auth.routes.ts:8:71\n    at new Promise (<anonymous>)","statusCode":400,"timestamp":"2025-05-21T10:05:25.589Z"}
{"email":"","error":{"isOperational":true,"statusCode":400},"level":"error","message":"Registration error:","timestamp":"2025-05-21T10:05:57.787Z"}
{"email":"shrayank@kolameals.com","error":{"isOperational":true,"statusCode":400},"level":"error","message":"Registration error:","timestamp":"2025-05-21T10:08:41.747Z"}
{"email":"testing@kolameals.com","error":{"isOperational":true,"statusCode":401},"level":"error","message":"Login error:","timestamp":"2025-05-21T15:39:44.278Z"}
{"email":"testing@kolameals.com","error":{"isOperational":true,"statusCode":401},"level":"error","message":"Login error:","timestamp":"2025-05-21T15:40:36.385Z"}
{"email":"shrayank@kolameals.com","error":{"clientVersion":"5.22.0","code":"P2022","meta":{"column":"User.otp","modelName":"User"},"name":"PrismaClientKnownRequestError"},"level":"error","message":"Login error:","timestamp":"2025-05-21T16:19:14.950Z"}
{"email":"shrayank@kolameals.com","error":{"clientVersion":"5.22.0","code":"P2024","meta":{"connection_limit":9,"modelName":"User","timeout":10},"name":"PrismaClientKnownRequestError"},"level":"error","message":"Login error:","timestamp":"2025-05-22T05:00:42.059Z"}
{"email":"shrayank@kolameals.com","error":{"clientVersion":"5.22.0","code":"P1001","meta":{"database_host":"aws-0-ap-south-1.pooler.supabase.com","database_port":5432,"modelName":"User"},"name":"PrismaClientKnownRequestError"},"level":"error","message":"Login error:","timestamp":"2025-05-22T05:01:01.247Z"}
{"email":"shrayank@kolameals.com","error":{"clientVersion":"5.22.0","name":"PrismaClientInitializationError"},"level":"error","message":"Login error:","timestamp":"2025-05-22T05:01:40.624Z"}
{"email":"shrayank@kolameals.com","error":{"clientVersion":"5.22.0","name":"PrismaClientInitializationError"},"level":"error","message":"Login error:","timestamp":"2025-05-22T05:02:04.202Z"}
{"email":"shrayank@kolameals.com","error":{"clientVersion":"5.22.0","name":"PrismaClientInitializationError"},"level":"error","message":"Login error:","timestamp":"2025-05-22T05:03:29.154Z"}
{"email":"shrayank@kolameals.com","error":{"clientVersion":"5.22.0","name":"PrismaClientInitializationError"},"level":"error","message":"Login error:","timestamp":"2025-05-22T05:04:10.916Z"}
{"email":"shrayank@kolameals.com","error":{"clientVersion":"5.22.0","name":"PrismaClientInitializationError"},"level":"error","message":"Login error:","timestamp":"2025-05-22T05:41:15.228Z"}
{"email":"shrayank@kolameals.com","error":{"clientVersion":"5.22.0","name":"PrismaClientInitializationError"},"level":"error","message":"Login error:","timestamp":"2025-05-22T05:42:15.348Z"}
{"email":"shrayank@kolameals.com","error":{"clientVersion":"5.22.0","name":"PrismaClientInitializationError"},"level":"error","message":"Login error:","timestamp":"2025-05-22T05:42:50.622Z"}
{"email":"shrayank@kolameals.com","error":{"clientVersion":"5.22.0","name":"PrismaClientInitializationError"},"level":"error","message":"Login error:","timestamp":"2025-05-22T05:44:08.602Z"}
{"email":"shrayank@kolameals.com","error":{"clientVersion":"5.22.0","name":"PrismaClientInitializationError"},"level":"error","message":"Login error:","timestamp":"2025-05-22T06:12:57.409Z"}
{"email":"shrayank@kolameals.com","error":{"clientVersion":"5.22.0","code":"P2024","meta":{"connection_limit":9,"modelName":"User","timeout":10},"name":"PrismaClientKnownRequestError"},"level":"error","message":"Login error:","timestamp":"2025-05-22T07:43:43.584Z"}
{"email":"shrayank@kolameals.com","error":{"clientVersion":"5.22.0","code":"P1001","meta":{"database_host":"aws-0-ap-south-1.pooler.supabase.com","database_port":5432,"modelName":"User"},"name":"PrismaClientKnownRequestError"},"level":"error","message":"Login error:","timestamp":"2025-05-22T07:43:55.720Z"}
{"email":"shrayank@kolameals.com","error":{"clientVersion":"5.22.0","code":"P1001","meta":{"database_host":"aws-0-ap-south-1.pooler.supabase.com","database_port":5432,"modelName":"User"},"name":"PrismaClientKnownRequestError"},"level":"error","message":"Login error:","timestamp":"2025-05-22T07:44:03.017Z"}
{"email":"shrayank@kolameals.com","error":{"clientVersion":"5.22.0","code":"P1001","meta":{"database_host":"aws-0-ap-south-1.pooler.supabase.com","database_port":5432,"modelName":"User"},"name":"PrismaClientKnownRequestError"},"level":"error","message":"Login error:","timestamp":"2025-05-22T07:44:10.195Z"}
{"body":{"currentStock":10,"minimumStock":10,"name":"Shrayank","unit":"10"},"error":{},"level":"error","message":"Error occurred:","method":"POST","params":{},"path":"/api/inventory","query":{},"requestId":"eae8f68c-f099-4575-930a-5a71c939a594","timestamp":"2025-05-23T06:06:38.099Z"}
{"error":{"clientVersion":"5.22.0","code":"P2021","meta":{"modelName":"Feedback","table":"public.Feedback"},"name":"PrismaClientKnownRequestError"},"level":"error","message":"Error fetching feedbacks:","timestamp":"2025-05-23T15:15:33.039Z"}
{"body":{},"error":{"isOperational":true,"statusCode":500},"level":"error","message":"Error occurred:","method":"GET","params":{},"path":"/api/feedback","query":{"search":"","status":"","type":""},"requestId":"9bb2c3f4-221e-4edb-98a9-febe100f791a","timestamp":"2025-05-23T15:15:33.043Z"}
{"error":{"clientVersion":"5.22.0","code":"P2021","meta":{"modelName":"Feedback","table":"public.Feedback"},"name":"PrismaClientKnownRequestError"},"level":"error","message":"Error fetching feedbacks:","timestamp":"2025-05-23T15:15:33.169Z"}
{"body":{},"error":{"isOperational":true,"statusCode":500},"level":"error","message":"Error occurred:","method":"GET","params":{},"path":"/api/feedback","query":{"search":"","status":"","type":""},"requestId":"0b17c31b-c956-4511-83dc-6fd7919a2ce0","timestamp":"2025-05-23T15:15:33.175Z"}
{"error":{"clientVersion":"5.22.0","code":"P2021","meta":{"modelName":"Feedback","table":"public.Feedback"},"name":"PrismaClientKnownRequestError"},"level":"error","message":"Error fetching feedbacks:","timestamp":"2025-05-23T15:16:41.973Z"}
{"body":{},"error":{"isOperational":true,"statusCode":500},"level":"error","message":"Error occurred:","method":"GET","params":{},"path":"/api/feedback","query":{"search":"","status":"","type":""},"requestId":"bf4a96c5-adcd-4097-8195-81755d927bc0","timestamp":"2025-05-23T15:16:41.974Z"}
{"error":{"clientVersion":"5.22.0","code":"P2021","meta":{"modelName":"Feedback","table":"public.Feedback"},"name":"PrismaClientKnownRequestError"},"level":"error","message":"Error fetching feedbacks:","timestamp":"2025-05-23T15:16:42.094Z"}
{"body":{},"error":{"isOperational":true,"statusCode":500},"level":"error","message":"Error occurred:","method":"GET","params":{},"path":"/api/feedback","query":{"search":"","status":"","type":""},"requestId":"df2416dc-f8e0-406a-8e81-706c5f9a7ee1","timestamp":"2025-05-23T15:16:42.095Z"}
{"error":{"clientVersion":"5.22.0","code":"P1001","meta":{"database_host":"aws-0-ap-south-1.pooler.supabase.com","database_port":5432,"modelName":"User"},"name":"PrismaClientKnownRequestError"},"level":"error","message":"Token refresh error:","timestamp":"2025-05-24T07:01:24.126Z"}
{"email":"shrayank@kolameals.com","error":{"clientVersion":"5.22.0","name":"PrismaClientInitializationError"},"level":"error","message":"Login error:","timestamp":"2025-05-24T07:27:25.392Z"}
{"error":{"clientVersion":"5.22.0","code":"P1001","meta":{"database_host":"aws-0-ap-south-1.pooler.supabase.com","database_port":5432,"modelName":"User"},"name":"PrismaClientKnownRequestError"},"level":"error","message":"Token refresh error:","timestamp":"2025-05-24T13:29:28.570Z"}
{"error":{"clientVersion":"5.22.0","code":"P1001","meta":{"database_host":"aws-0-ap-south-1.pooler.supabase.com","database_port":5432,"modelName":"User"},"name":"PrismaClientKnownRequestError"},"level":"error","message":"Token refresh error:","timestamp":"2025-05-25T01:35:06.080Z"}
{"error":{"isOperational":true,"statusCode":401},"level":"error","message":"Token refresh error:","timestamp":"2025-05-27T08:38:20.660Z"}
{"error":{"isOperational":true,"statusCode":401},"level":"error","message":"Token refresh error:","timestamp":"2025-05-27T08:38:52.063Z"}
{"email":"shrayank@kolameals.com","error":{"isOperational":true,"statusCode":401},"level":"error","message":"Login error:","timestamp":"2025-05-27T08:39:07.819Z"}
{"email":"shrayank@kolameals.com","error":{"isOperational":true,"statusCode":401},"level":"error","message":"Login error:","timestamp":"2025-05-27T08:39:29.134Z"}
{"email":"shrayank@kolameals.com","error":{"isOperational":true,"statusCode":401},"level":"error","message":"Login error:","timestamp":"2025-05-27T08:40:01.066Z"}
{"email":"shrayank@kolameals.com","error":{"isOperational":true,"statusCode":401},"level":"error","message":"Login error:","timestamp":"2025-05-27T08:40:23.765Z"}
{"error":{"isOperational":true,"statusCode":401},"level":"error","message":"Token refresh error:","timestamp":"2025-05-27T09:17:31.138Z"}
{"email":"shrayank@kolameals.com","error":{"isOperational":true,"statusCode":401},"level":"error","message":"Login error:","timestamp":"2025-05-27T09:17:39.496Z"}
{"email":"shrayank@kolameals.com","error":{"isOperational":true,"statusCode":401},"level":"error","message":"Login error:","timestamp":"2025-05-28T08:22:12.832Z"}
{"error":{"isOperational":true,"statusCode":401},"level":"error","message":"Token refresh error:","timestamp":"2025-05-28T08:32:39.900Z"}
{"error":{"isOperational":true,"statusCode":401},"level":"error","message":"Token refresh error:","timestamp":"2025-05-28T08:32:47.713Z"}
{"error":{"isOperational":true,"statusCode":401},"level":"error","message":"Token refresh error:","timestamp":"2025-05-28T08:38:04.756Z"}
{"error":{"clientVersion":"6.8.2","code":"P1001","meta":{"database_host":"aws-0-ap-south-1.pooler.supabase.com","database_port":5432,"modelName":"User"},"name":"PrismaClientKnownRequestError"},"level":"error","message":"Token refresh error:","timestamp":"2025-05-28T12:53:13.392Z"}
{"email":"shrayank@kolameals.com","error":{"isOperational":true,"statusCode":401},"level":"error","message":"Login error:","timestamp":"2025-05-28T15:57:14.048Z"}
{"error":{"isOperational":true,"statusCode":401},"level":"error","message":"Token refresh error:","timestamp":"2025-05-28T17:54:11.130Z"}
{"error":{"clientVersion":"6.8.2","code":"P1001","meta":{"database_host":"aws-0-ap-south-1.pooler.supabase.com","database_port":5432,"modelName":"User"},"name":"PrismaClientKnownRequestError"},"level":"error","message":"Token refresh error:","timestamp":"2025-05-29T06:20:34.913Z"}
{"error":{"isOperational":true,"statusCode":401},"level":"error","message":"Token refresh error:","timestamp":"2025-05-29T10:31:25.401Z"}
{"error":{"clientVersion":"6.8.2","code":"P1001","meta":{"database_host":"aws-0-ap-south-1.pooler.supabase.com","database_port":5432,"modelName":"User"},"name":"PrismaClientKnownRequestError"},"level":"error","message":"Token refresh error:","timestamp":"2025-06-05T06:50:23.996Z"}
{"error":{"clientVersion":"6.8.2","code":"P1001","meta":{"database_host":"aws-0-ap-south-1.pooler.supabase.com","database_port":5432,"modelName":"User"},"name":"PrismaClientKnownRequestError"},"level":"error","message":"Token refresh error:","timestamp":"2025-06-05T19:32:38.833Z"}
{"error":{"clientVersion":"6.8.2","code":"P2024","meta":{"connection_limit":9,"modelName":"User","timeout":10},"name":"PrismaClientKnownRequestError"},"level":"error","message":"Token refresh error:","timestamp":"2025-06-06T06:47:37.674Z"}
{"error":{"clientVersion":"6.8.2","code":"P1001","meta":{"database_host":"aws-0-ap-south-1.pooler.supabase.com","database_port":5432,"modelName":"User"},"name":"PrismaClientKnownRequestError"},"level":"error","message":"Token refresh error:","timestamp":"2025-06-07T04:49:33.070Z"}
{"error":{"clientVersion":"6.8.2","code":"P1001","meta":{"database_host":"aws-0-ap-south-1.pooler.supabase.com","database_port":5432,"modelName":"User"},"name":"PrismaClientKnownRequestError"},"level":"error","message":"Token refresh error:","timestamp":"2025-06-08T16:29:51.695Z"}
{"error":{"clientVersion":"6.8.2","code":"P1001","meta":{"database_host":"aws-0-ap-south-1.pooler.supabase.com","database_port":5432,"modelName":"User"},"name":"PrismaClientKnownRequestError"},"level":"error","message":"Token refresh error:","timestamp":"2025-06-09T06:50:19.555Z"}
{"error":{"clientVersion":"6.8.2","code":"P1001","meta":{"database_host":"aws-0-ap-south-1.pooler.supabase.com","database_port":5432,"modelName":"User"},"name":"PrismaClientKnownRequestError"},"level":"error","message":"Token refresh error:","timestamp":"2025-06-10T05:59:27.918Z"}
{"error":{"expiredAt":"2025-06-13T07:02:17.000Z","message":"jwt expired","name":"TokenExpiredError"},"level":"error","message":"Token refresh error:","timestamp":"2025-06-13T14:18:50.731Z"}
{"error":{"clientVersion":"6.8.2","code":"P2024","meta":{"connection_limit":9,"modelName":"User","timeout":10},"name":"PrismaClientKnownRequestError"},"level":"error","message":"Token refresh error:","timestamp":"2025-06-13T14:47:25.616Z"}
